0 info it worked if it ends with ok
1 verbose cli [ 'C:\\Program Files\\nodejs\\node.exe',
1 verbose cli   'C:\\Program Files\\nodejs\\node_modules\\npm\\bin\\npm-cli.js',
1 verbose cli   'unpublish',
1 verbose cli   'my-array-module',
1 verbose cli   '--force' ]
2 info using npm@3.10.8
3 info using node@v7.0.0
4 warn using --force I sure hope you know what you are doing.
5 silly unpublish args[0] my-array-module
6 silly unpublish thing Result {
6 silly unpublish   raw: 'my-array-module',
6 silly unpublish   scope: null,
6 silly unpublish   escapedName: 'my-array-module',
6 silly unpublish   name: 'my-array-module',
6 silly unpublish   rawSpec: '',
6 silly unpublish   spec: 'latest',
6 silly unpublish   type: 'tag' }
7 verbose getPublishConfig null
8 silly ls normalized my-array-module
9 silly gentlyRm C:\Users\Uzochukwu\AppData\Roaming\npm-cache\my-array-module is being purged
10 verbose gentlyRm don't care about contents; nuking C:\Users\Uzochukwu\AppData\Roaming\npm-cache\my-array-module
11 silly mapToRegistry name my-array-module
12 silly mapToRegistry using default registry
13 silly mapToRegistry registry https://registry.npmjs.org/
14 silly mapToRegistry data Result {
14 silly mapToRegistry   raw: 'my-array-module',
14 silly mapToRegistry   scope: null,
14 silly mapToRegistry   escapedName: 'my-array-module',
14 silly mapToRegistry   name: 'my-array-module',
14 silly mapToRegistry   rawSpec: '',
14 silly mapToRegistry   spec: 'latest',
14 silly mapToRegistry   type: 'tag' }
15 silly mapToRegistry uri https://registry.npmjs.org/my-array-module
16 verbose get GET as part of write; not caching result
17 verbose request uri https://registry.npmjs.org/my-array-module?write=true
18 verbose request no auth needed
19 info attempt registry request try #1 at 4:37:04 PM
20 verbose request using bearer token for auth
21 verbose request id 82892eb6aff54c6a
22 http request GET https://registry.npmjs.org/my-array-module?write=true
23 http 200 https://registry.npmjs.org/my-array-module?write=true
24 verbose headers { server: 'CouchDB/1.6.1 (Erlang OTP/R16B03)',
24 verbose headers   'content-type': 'application/json',
24 verbose headers   etag: '"58ee3d03-d0c"',
24 verbose headers   'content-encoding': 'gzip',
24 verbose headers   'cache-control': 'max-age=0',
24 verbose headers   'transfer-encoding': 'chunked',
24 verbose headers   'accept-ranges': 'bytes',
24 verbose headers   date: 'Sun, 16 Apr 2017 13:37:15 GMT',
24 verbose headers   via: '1.1 varnish',
24 verbose headers   connection: 'keep-alive',
24 verbose headers   'x-served-by': 'cache-bma7022-BMA',
24 verbose headers   'x-cache': 'MISS',
24 verbose headers   'x-cache-hits': '0',
24 verbose headers   'x-timer': 'S1492349835.396416,VS0,VE449',
24 verbose headers   vary: 'Accept-Encoding' }
25 silly get cb [ 200,
25 silly get   { server: 'CouchDB/1.6.1 (Erlang OTP/R16B03)',
25 silly get     'content-type': 'application/json',
25 silly get     etag: '"58ee3d03-d0c"',
25 silly get     'content-encoding': 'gzip',
25 silly get     'cache-control': 'max-age=0',
25 silly get     'transfer-encoding': 'chunked',
25 silly get     'accept-ranges': 'bytes',
25 silly get     date: 'Sun, 16 Apr 2017 13:37:15 GMT',
25 silly get     via: '1.1 varnish',
25 silly get     connection: 'keep-alive',
25 silly get     'x-served-by': 'cache-bma7022-BMA',
25 silly get     'x-cache': 'MISS',
25 silly get     'x-cache-hits': '0',
25 silly get     'x-timer': 'S1492349835.396416,VS0,VE449',
25 silly get     vary: 'Accept-Encoding' } ]
26 verbose get saving my-array-module to C:\Users\Uzochukwu\AppData\Roaming\npm-cache\registry.npmjs.org\my-array-module_3Fwrite_3Dtrue\.cache.json
27 verbose correctMkdir C:\Users\Uzochukwu\AppData\Roaming\npm-cache correctMkdir not in flight; initializing
28 info unpublish No version specified, removing all
29 verbose request uri https://registry.npmjs.org/my-array-module/-rev/1-9eb8f8b8007586667516e9dcadeada7c
30 verbose request sending authorization for write operation
31 info attempt registry request try #1 at 4:37:04 PM
32 verbose request using bearer token for auth
33 http request DELETE https://registry.npmjs.org/my-array-module/-rev/1-9eb8f8b8007586667516e9dcadeada7c
34 http 400 https://registry.npmjs.org/my-array-module/-rev/1-9eb8f8b8007586667516e9dcadeada7c
35 verbose headers { 'content-type': 'application/json',
35 verbose headers   'cache-control': 'max-age=300',
35 verbose headers   'content-length': '17',
35 verbose headers   'accept-ranges': 'bytes',
35 verbose headers   date: 'Sun, 16 Apr 2017 13:37:16 GMT',
35 verbose headers   via: '1.1 varnish',
35 verbose headers   connection: 'keep-alive',
35 verbose headers   'x-served-by': 'cache-bma7022-BMA',
35 verbose headers   'x-cache': 'MISS',
35 verbose headers   'x-cache-hits': '0',
35 verbose headers   'x-timer': 'S1492349836.891618,VS0,VE914',
35 verbose headers   vary: 'Accept-Encoding' }
36 verbose request invalidating C:\Users\Uzochukwu\AppData\Roaming\npm-cache\registry.npmjs.org\my-array-module on DELETE
37 verbose stack Error: Registry returned 400 for DELETE on https://registry.npmjs.org/my-array-module/-rev/1-9eb8f8b8007586667516e9dcadeada7c
37 verbose stack     at makeError (C:\Program Files\nodejs\node_modules\npm\node_modules\npm-registry-client\lib\request.js:302:12)
37 verbose stack     at CachingRegistryClient.<anonymous> (C:\Program Files\nodejs\node_modules\npm\node_modules\npm-registry-client\lib\request.js:280:14)
37 verbose stack     at Request._callback (C:\Program Files\nodejs\node_modules\npm\node_modules\npm-registry-client\lib\request.js:210:14)
37 verbose stack     at Request.self.callback (C:\Program Files\nodejs\node_modules\npm\node_modules\request\request.js:187:22)
37 verbose stack     at emitTwo (events.js:106:13)
37 verbose stack     at Request.emit (events.js:191:7)
37 verbose stack     at Request.<anonymous> (C:\Program Files\nodejs\node_modules\npm\node_modules\request\request.js:1044:10)
37 verbose stack     at emitOne (events.js:96:13)
37 verbose stack     at Request.emit (events.js:188:7)
37 verbose stack     at IncomingMessage.<anonymous> (C:\Program Files\nodejs\node_modules\npm\node_modules\request\request.js:965:12)
38 verbose statusCode 400
39 verbose pkgid my-array-module
40 verbose cwd C:\Users\Uzochukwu\Documents\node\my-array-module
41 error Windows_NT 6.1.7601
42 error argv "C:\\Program Files\\nodejs\\node.exe" "C:\\Program Files\\nodejs\\node_modules\\npm\\bin\\npm-cli.js" "unpublish" "my-array-module" "--force"
43 error node v7.0.0
44 error npm  v3.10.8
45 error code E400
46 error Registry returned 400 for DELETE on https://registry.npmjs.org/my-array-module/-rev/1-9eb8f8b8007586667516e9dcadeada7c
47 error If you need help, you may report this error at:
47 error     <https://github.com/npm/npm/issues>
48 verbose exit [ 1, true ]
